<?xml version="1.0" encoding="UTF-8"?>
<!-- Generated by org.testng.reporters.JUnitReportReporter -->
<testsuite hostname="LAPTOP-A38V3DO6" failures="0" tests="2" name="runners.TestRunner" time="10.823" errors="0" timestamp="2023-08-01T20:04:28 IST" skipped="0">
  <testcase classname="runners.TestRunner" name="runScenario" time="3.029"/>
  <system-out/>
  <testcase classname="runners.TestRunner" name="runScenario" time="7.794"/>
  <system-out/>
</testsuite> <!-- runners.TestRunner -->
