<?xml version="1.0" encoding="UTF-8"?>
<!-- Generated by org.testng.reporters.JUnitReportReporter -->
<testsuite hostname="LAPTOP-A38V3DO6" failures="0" tests="2" name="runners.TestRunner" time="9.776" errors="0" timestamp="2023-07-28T10:53:04 IST" skipped="0">
  <testcase classname="runners.TestRunner" name="runScenario" time="3.453"/>
  <system-out/>
  <testcase classname="runners.TestRunner" name="runScenario" time="6.323"/>
  <system-out/>
</testsuite> <!-- runners.TestRunner -->
