<?xml version="1.0" encoding="UTF-8"?>
<!-- Generated by org.testng.reporters.JUnitReportReporter -->
<testsuite hostname="LAPTOP-A38V3DO6" failures="0" tests="2" name="runners.TestRunner" time="11.697" errors="0" timestamp="2023-08-08T22:11:45 IST" skipped="0">
  <testcase classname="runners.TestRunner" name="runScenario" time="3.634"/>
  <system-out/>
  <testcase classname="runners.TestRunner" name="runScenario" time="8.063"/>
  <system-out/>
</testsuite> <!-- runners.TestRunner -->
