<?xml version="1.0" encoding="UTF-8"?>
<!-- Generated by org.testng.reporters.JUnitReportReporter -->
<testsuite hostname="LAPTOP-A38V3DO6" failures="0" tests="1" name="runners.TestRunner" time="1.759" errors="0" timestamp="2023-07-12T21:45:34 IST" skipped="0">
  <testcase classname="runners.TestRunner" name="runScenario" time="1.759"/>
  <system-out/>
</testsuite> <!-- runners.TestRunner -->
